Your Number of Subspace: 8
Your Operating Frequency(MHz): 1000
Root Directory: /home/lendle/remote_dir/largesampleobj1/angle90
Reading 0 ... 
numNodes = 44876
numAbcTri = 88939
Reading 0.curJ ... 
Loading ... 0.curJ
Done loading 0.curJ. First order.
Reading 0.curM ... 
Loading ... 0.curM
Done loading 0.curM. First order.
Done reading files.
Partitioning mesh ... 
group = 0 / 290
group = 5 / 290
group = 10 / 290
group = 15 / 290
group = 20 / 290
group = 25 / 290
group = 30 / 290
group = 35 / 290
group = 40 / 290
group = 45 / 290
group = 50 / 290
group = 55 / 290
group = 60 / 290
group = 65 / 290
group = 70 / 290
group = 75 / 290
group = 80 / 290
group = 85 / 290
group = 90 / 290
group = 95 / 290
group = 100 / 290
group = 105 / 290
group = 110 / 290
group = 115 / 290
group = 120 / 290
group = 125 / 290
group = 130 / 290
group = 135 / 290
group = 140 / 290
group = 145 / 290
group = 150 / 290
group = 155 / 290
group = 160 / 290
group = 165 / 290
group = 170 / 290
group = 175 / 290
group = 180 / 290
group = 185 / 290
group = 190 / 290
group = 195 / 290
group = 200 / 290
group = 205 / 290
group = 210 / 290
group = 215 / 290
group = 220 / 290
group = 225 / 290
group = 230 / 290
group = 235 / 290
group = 240 / 290
group = 245 / 290
group = 250 / 290
group = 255 / 290
group = 260 / 290
group = 265 / 290
group = 270 / 290
group = 275 / 290
group = 280 / 290
group = 285 / 290
Writing to 0.ap ... 
Farfield Time(hh:mm:ss) = 0:6:53
sed: preserving permissions for ‘./sedCdITss’: Operation not permitted
Reading 1 ... 
numNodes = 3719
numAbcTri = 7162
Reading 1.curJ ... 
Loading ... 1.curJ
Done loading 1.curJ. First order.
Reading 1.curM ... 
Loading ... 1.curM
Done loading 1.curM. First order.
Done reading files.
Partitioning mesh ... 
group = 0 / 78
group = 5 / 78
group = 10 / 78
group = 15 / 78
group = 20 / 78
group = 25 / 78
group = 30 / 78
group = 35 / 78
group = 40 / 78
group = 45 / 78
group = 50 / 78
group = 55 / 78
group = 60 / 78
group = 65 / 78
group = 70 / 78
group = 75 / 78
Writing to 1.ap ... 
Farfield Time(hh:mm:ss) = 0:0:41
sed: preserving permissions for ‘./sedtDb6SZ’: Operation not permitted
Reading 2 ... 
numNodes = 19473
numAbcTri = 38296
Reading 2.curJ ... 
Loading ... 2.curJ
Done loading 2.curJ. First order.
Reading 2.curM ... 
Loading ... 2.curM
Done loading 2.curM. First order.
Done reading files.
Partitioning mesh ... 
group = 0 / 200
group = 5 / 200
group = 10 / 200
group = 15 / 200
group = 20 / 200
group = 25 / 200
group = 30 / 200
group = 35 / 200
group = 40 / 200
group = 45 / 200
group = 50 / 200
group = 55 / 200
group = 60 / 200
group = 65 / 200
group = 70 / 200
group = 75 / 200
group = 80 / 200
group = 85 / 200
group = 90 / 200
group = 95 / 200
group = 100 / 200
group = 105 / 200
group = 110 / 200
group = 115 / 200
group = 120 / 200
group = 125 / 200
group = 130 / 200
group = 135 / 200
group = 140 / 200
group = 145 / 200
group = 150 / 200
group = 155 / 200
group = 160 / 200
group = 165 / 200
group = 170 / 200
group = 175 / 200
group = 180 / 200
group = 185 / 200
group = 190 / 200
group = 195 / 200
Writing to 2.ap ... 
Farfield Time(hh:mm:ss) = 0:3:22
sed: preserving permissions for ‘./sedXOSxOE’: Operation not permitted
Reading 3 ... 
numNodes = 0
numAbcTri = 0
Reading 3.curJ ... 
Loading ... 3.curJ
Done loading 3.curJ. First order.
Reading 3.curM ... 
Loading ... 3.curM
Done loading 3.curM. First order.
Done reading files.
Partitioning mesh ... 
Writing to 3.ap ... 
Farfield Time(hh:mm:ss) = 0:0:0
sed: preserving permissions for ‘./sed0ZJ6w2’: Operation not permitted
Reading 4 ... 
numNodes = 44963
numAbcTri = 89110
Reading 4.curJ ... 
Loading ... 4.curJ
Done loading 4.curJ. First order.
Reading 4.curM ... 
Loading ... 4.curM
Done loading 4.curM. First order.
Done reading files.
Partitioning mesh ... 
group = 0 / 290
group = 5 / 290
group = 10 / 290
group = 15 / 290
group = 20 / 290
group = 25 / 290
group = 30 / 290
group = 35 / 290
group = 40 / 290
group = 45 / 290
group = 50 / 290
group = 55 / 290
group = 60 / 290
group = 65 / 290
group = 70 / 290
group = 75 / 290
group = 80 / 290
group = 85 / 290
group = 90 / 290
group = 95 / 290
group = 100 / 290
group = 105 / 290
group = 110 / 290
group = 115 / 290
group = 120 / 290
group = 125 / 290
group = 130 / 290
group = 135 / 290
group = 140 / 290
group = 145 / 290
group = 150 / 290
group = 155 / 290
group = 160 / 290
group = 165 / 290
group = 170 / 290
group = 175 / 290
group = 180 / 290
group = 185 / 290
group = 190 / 290
group = 195 / 290
group = 200 / 290
group = 205 / 290
group = 210 / 290
group = 215 / 290
group = 220 / 290
group = 225 / 290
group = 230 / 290
group = 235 / 290
group = 240 / 290
group = 245 / 290
group = 250 / 290
group = 255 / 290
group = 260 / 290
group = 265 / 290
group = 270 / 290
group = 275 / 290
group = 280 / 290
group = 285 / 290
Writing to 4.ap ... 
Farfield Time(hh:mm:ss) = 0:7:22
sed: preserving permissions for ‘./sedt4f4g2’: Operation not permitted
Reading 5 ... 
numNodes = 3733
numAbcTri = 7190
Reading 5.curJ ... 
Loading ... 5.curJ
Done loading 5.curJ. First order.
Reading 5.curM ... 
Loading ... 5.curM
Done loading 5.curM. First order.
Done reading files.
Partitioning mesh ... 
group = 0 / 78
group = 5 / 78
group = 10 / 78
group = 15 / 78
group = 20 / 78
group = 25 / 78
group = 30 / 78
group = 35 / 78
group = 40 / 78
group = 45 / 78
group = 50 / 78
group = 55 / 78
group = 60 / 78
group = 65 / 78
group = 70 / 78
group = 75 / 78
Writing to 5.ap ... 
Farfield Time(hh:mm:ss) = 0:0:40
sed: preserving permissions for ‘./sedjoaR6U’: Operation not permitted
Reading 6 ... 
numNodes = 19453
numAbcTri = 38253
Reading 6.curJ ... 
Loading ... 6.curJ
Done loading 6.curJ. First order.
Reading 6.curM ... 
Loading ... 6.curM
Done loading 6.curM. First order.
Done reading files.
Partitioning mesh ... 
group = 0 / 200
group = 5 / 200
group = 10 / 200
group = 15 / 200
group = 20 / 200
group = 25 / 200
group = 30 / 200
group = 35 / 200
group = 40 / 200
group = 45 / 200
group = 50 / 200
group = 55 / 200
group = 60 / 200
group = 65 / 200
group = 70 / 200
group = 75 / 200
group = 80 / 200
group = 85 / 200
group = 90 / 200
group = 95 / 200
group = 100 / 200
group = 105 / 200
group = 110 / 200
group = 115 / 200
group = 120 / 200
group = 125 / 200
group = 130 / 200
group = 135 / 200
group = 140 / 200
group = 145 / 200
group = 150 / 200
group = 155 / 200
group = 160 / 200
group = 165 / 200
group = 170 / 200
group = 175 / 200
group = 180 / 200
group = 185 / 200
group = 190 / 200
group = 195 / 200
Writing to 6.ap ... 
Farfield Time(hh:mm:ss) = 0:3:19
sed: preserving permissions for ‘./sedQ4nOrw’: Operation not permitted
Reading 7 ... 
numNodes = 0
numAbcTri = 0
Reading 7.curJ ... 
Loading ... 7.curJ
Done loading 7.curJ. First order.
Reading 7.curM ... 
Loading ... 7.curM
Done loading 7.curM. First order.
Done reading files.
Partitioning mesh ... 
Writing to 7.ap ... 
Farfield Time(hh:mm:ss) = 0:0:0
sed: preserving permissions for ‘./sedftVYhR’: Operation not permitted
